

Started GET "/" for ::1 at 2018-04-30 15:58:18 +0300
Processing by HomeController#index as HTML
  Rendered home/index.html.erb within layouts/application (3.3ms)
Completed 200 OK in 442ms (Views: 429.3ms)


Started GET "/assets/jquery.self-c64a74367bda6ef8b860f19e74df08927ca99d2be2ac934e9e92d5fd361e0da4.js?body=1" for ::1 at 2018-04-30 15:58:19 +0300


Started GET "/assets/bootstrap/alert.self-742145c5bb847aafdadc6e339be795628f8bc25f177e851f03a8c42278eb0312.js?body=1" for ::1 at 2018-04-30 15:58:19 +0300


Started GET "/assets/application.self-cd15fa921364cba1cf1f6f0d0d2c2887bcd9c64b4710a518e6dfc43e0a6ee8b5.css?body=1" for ::1 at 2018-04-30 15:58:19 +0300


Started GET "/assets/bootstrap/transition.self-6ad2488465135ab731a045a8ebbe3ea2fc501aed286042496eda1664fdd07ba9.js?body=1" for ::1 at 2018-04-30 15:58:19 +0300


Started GET "/assets/bootstrap/button.self-126ac9bf0e7f2d8568f8da3a00fd5f0fac6eae0946331003370161fbf8d7975e.js?body=1" for ::1 at 2018-04-30 15:58:19 +0300


Started GET "/assets/bootstrap/carousel.self-e47323f363ceb3dc0bdbce05e36e709ed428e339833a41140a85cb0af24b8127.js?body=1" for ::1 at 2018-04-30 15:58:19 +0300


Started GET "/assets/bootstrap/collapse.self-2eb697f62b587bb786ff940d82dd4be88cdeeaf13ca128e3da3850c5fcaec301.js?body=1" for ::1 at 2018-04-30 15:58:19 +0300


Started GET "/assets/bootstrap/dropdown.self-561cca1cbaf67474e01e9536f106bad541594860a6df997004591c1c1957a147.js?body=1" for ::1 at 2018-04-30 15:58:19 +0300


Started GET "/assets/bootstrap/modal.self-3e78617ade5663314b7ee0ea10375a5b34d59ffbade44939e3f2a4e4ef2019b3.js?body=1" for ::1 at 2018-04-30 15:58:19 +0300


Started GET "/assets/bootstrap/tab.self-5bf7078b682f8b131332eefa46b45fa5eff2eca745fc0d03e2991450888f7c28.js?body=1" for ::1 at 2018-04-30 15:58:19 +0300


Started GET "/assets/bootstrap/affix.self-6d6f1a7fc5c8aabf3547fa1b794fab6268f54bc55ad815e55873c71f52513517.js?body=1" for ::1 at 2018-04-30 15:58:19 +0300


Started GET "/assets/bootstrap/scrollspy.self-969f3c5f48cdf1e439c7fa1154c13b948715f5c689f87837c0b64521d3b46ef6.js?body=1" for ::1 at 2018-04-30 15:58:19 +0300


Started GET "/assets/bootstrap/tooltip.self-05afb177e08f98997ccfc84fa08a215e4b27d48d5fe4d049080675e9dffd8199.js?body=1" for ::1 at 2018-04-30 15:58:19 +0300


Started GET "/assets/bootstrap/popover.self-0aa93860b59fe7393f1dd490f54b3cb994f9d6155adffce034d4e14ae361b041.js?body=1" for ::1 at 2018-04-30 15:58:19 +0300


Started GET "/assets/bootstrap-sprockets.self-fbfa5ad7d9aa0afe439ec4ff3883acc4cb92b62cb67c40d674320c9aa1d4642d.js?body=1" for ::1 at 2018-04-30 15:58:19 +0300


Started GET "/" for ::1 at 2018-04-30 15:59:05 +0300
Processing by HomeController#index as HTML
  Rendered home/index.html.erb within layouts/application (0.0ms)
Completed 200 OK in 52ms (Views: 51.4ms)


Started GET "/" for ::1 at 2018-04-30 16:02:52 +0300
Processing by HomeController#index as HTML
  Rendered home/index.html.erb within layouts/application (0.0ms)
Completed 200 OK in 54ms (Views: 53.9ms)


Started GET "/" for ::1 at 2018-04-30 16:02:53 +0300
Processing by HomeController#index as HTML
  Rendered home/index.html.erb within layouts/application (0.1ms)
Completed 200 OK in 56ms (Views: 55.7ms)


Started GET "/" for ::1 at 2018-04-30 16:04:38 +0300
Processing by HomeController#index as HTML
  Rendered home/index.html.erb within layouts/application (0.1ms)
Completed 200 OK in 73ms (Views: 72.3ms)


Started GET "/" for ::1 at 2018-04-30 16:05:08 +0300
Processing by HomeController#index as HTML
  Rendered home/index.html.erb within layouts/application (0.1ms)
Completed 200 OK in 70ms (Views: 69.6ms)


Started GET "/" for ::1 at 2018-04-30 16:05:10 +0300
Processing by HomeController#index as HTML
  Rendered home/index.html.erb within layouts/application (0.0ms)
Completed 200 OK in 67ms (Views: 66.6ms)


Started GET "/" for ::1 at 2018-04-30 16:05:56 +0300
Processing by HomeController#index as HTML
  Rendered home/index.html.erb within layouts/application (0.1ms)
Completed 200 OK in 211ms (Views: 210.1ms)


Started GET "/" for ::1 at 2018-04-30 16:06:23 +0300
Processing by HomeController#index as HTML
  Rendered home/index.html.erb within layouts/application (2.8ms)
Completed 200 OK in 954ms (Views: 943.0ms)


Started GET "/" for ::1 at 2018-04-30 16:06:25 +0300
Processing by HomeController#index as HTML
  Rendered home/index.html.erb within layouts/application (0.1ms)
Completed 200 OK in 55ms (Views: 54.4ms)


Started GET "/" for ::1 at 2018-04-30 16:14:37 +0300
Processing by HomeController#index as HTML
  Rendered home/index.html.erb within layouts/application (0.1ms)
Completed 200 OK in 98ms (Views: 97.5ms)


Started GET "/assets/application.self-566ac8a2a9254ff922fe528fad824760b7ba9fc22c67bce64d7d8de96c9e4bad.css?body=1" for ::1 at 2018-04-30 16:14:37 +0300


Started GET "/" for ::1 at 2018-04-30 16:14:57 +0300
Processing by HomeController#index as HTML
  Rendered home/index.html.erb within layouts/application (2.6ms)
Completed 200 OK in 402ms (Views: 386.0ms)


Started GET "/" for ::1 at 2018-04-30 16:14:59 +0300
Processing by HomeController#index as HTML
  Rendered home/index.html.erb within layouts/application (0.0ms)
Completed 200 OK in 51ms (Views: 50.5ms)


Started GET "/" for ::1 at 2018-04-30 16:16:45 +0300
Processing by HomeController#index as HTML
  Rendered home/index.html.erb within layouts/application (0.0ms)
Completed 200 OK in 50ms (Views: 49.7ms)


Started GET "/" for ::1 at 2018-04-30 16:16:47 +0300
Processing by HomeController#index as HTML
  Rendered home/index.html.erb within layouts/application (0.0ms)
Completed 200 OK in 49ms (Views: 48.4ms)


Started GET "/" for ::1 at 2018-04-30 16:18:13 +0300
Processing by HomeController#index as HTML
  Rendered home/index.html.erb within layouts/application (0.0ms)
Completed 200 OK in 47ms (Views: 45.7ms)


Started GET "/" for ::1 at 2018-04-30 16:20:20 +0300
Processing by HomeController#index as HTML
  Rendered home/index.html.erb within layouts/application (0.1ms)
Completed 200 OK in 45ms (Views: 44.9ms)


Started GET "/" for ::1 at 2018-04-30 16:23:44 +0300
Processing by HomeController#index as HTML
  Rendered home/index.html.erb within layouts/application (2.8ms)
Completed 200 OK in 427ms (Views: 414.0ms)


Started GET "/" for ::1 at 2018-04-30 16:26:54 +0300
Processing by HomeController#index as HTML
  Rendered home/index.html.erb within layouts/application (0.1ms)
Completed 200 OK in 49ms (Views: 48.3ms)


Started GET "/" for ::1 at 2018-04-30 16:26:57 +0300
Processing by HomeController#index as HTML
  Rendered home/index.html.erb within layouts/application (0.0ms)
Completed 200 OK in 65ms (Views: 64.2ms)


Started GET "/" for ::1 at 2018-04-30 16:27:17 +0300
Processing by HomeController#index as HTML
  Rendered home/index.html.erb within layouts/application (2.6ms)
Completed 200 OK in 2342ms (Views: 2330.7ms)


Started GET "/assets/bootstrap/button.self-90cd2a9e69bd68a5b94549135893a23388acf7333522aa26a91eb665bbb7c886.js?body=1" for ::1 at 2018-04-30 16:27:20 +0300


Started GET "/assets/bootstrap/util.self-cd5af4c1638ea9bdb102968438c8f52e656b60f0d130ad259828fab602a9716f.js?body=1" for ::1 at 2018-04-30 16:27:20 +0300


Started GET "/assets/bootstrap/alert.self-133ea33686366b7543918e448f59fb60eccb5fdf820e98eef444daacf5d7535c.js?body=1" for ::1 at 2018-04-30 16:27:20 +0300


Started GET "/assets/bootstrap/dropdown.self-49d170b03a95690f3b03a3eb932e60fb5b43d22b34974ea629555135a50c68b4.js?body=1" for ::1 at 2018-04-30 16:27:20 +0300


Started GET "/assets/bootstrap/tooltip.self-c06110d6d2e15412b4036d051d904f767baeb8423288b9fc37542dc7ca332a4f.js?body=1" for ::1 at 2018-04-30 16:27:20 +0300


Started GET "/assets/bootstrap/popover.self-57ce4ffc2a2ce33c85d4e6b860afdd9573dbb413a039354431c81e274ec76f9f.js?body=1" for ::1 at 2018-04-30 16:27:20 +0300


Started GET "/assets/bootstrap/scrollspy.self-037b96dddaa524e0a8e300d0c6b91fe4c6fe169bf22890a58677e463de032f22.js?body=1" for ::1 at 2018-04-30 16:27:20 +0300


Started GET "/assets/bootstrap/tab.self-7c9a4d4bfccaf64518f558f66b9416a899a2ae973cd6c743799a0fc3666e2462.js?body=1" for ::1 at 2018-04-30 16:27:20 +0300


Started GET "/assets/bootstrap/carousel.self-50a05a2f09cd726ec12d71d95797244050da454b7ee6dbbe4693ecad2f7dcc9c.js?body=1" for ::1 at 2018-04-30 16:27:20 +0300


Started GET "/assets/bootstrap/collapse.self-ce390b8622ec9a8419e40fa7410d18c19ac30f3110aee1edb82463a91015906e.js?body=1" for ::1 at 2018-04-30 16:27:20 +0300


Started GET "/assets/bootstrap/modal.self-5c9b7bdd07cd509c3bd1c0dacf2714a2e50a560fae365c2b905586e27b7c8e62.js?body=1" for ::1 at 2018-04-30 16:27:20 +0300


Started GET "/assets/bootstrap-sprockets.self-636159b35205da4142a43bc02d2849d77d3ac07a0946211585cde15a9c6ff21f.js?body=1" for ::1 at 2018-04-30 16:27:20 +0300


Started GET "/" for ::1 at 2018-04-30 16:27:22 +0300
Processing by HomeController#index as HTML
  Rendered home/index.html.erb within layouts/application (0.1ms)
Completed 200 OK in 52ms (Views: 51.1ms)


Started GET "/" for ::1 at 2018-04-30 16:28:12 +0300
Processing by HomeController#index as HTML
  Rendered home/index.html.erb within layouts/application (0.0ms)
Completed 200 OK in 54ms (Views: 53.6ms)


Started GET "/" for ::1 at 2018-04-30 16:28:22 +0300
Processing by HomeController#index as HTML
  Rendered home/index.html.erb within layouts/application (0.0ms)
Completed 200 OK in 50ms (Views: 49.2ms)


Started GET "/" for ::1 at 2018-04-30 16:28:56 +0300
Processing by HomeController#index as HTML
  Rendered home/index.html.erb within layouts/application (0.1ms)
Completed 200 OK in 50ms (Views: 49.1ms)


Started GET "/" for ::1 at 2018-04-30 16:32:39 +0300
Processing by HomeController#index as HTML
  Rendered home/index.html.erb within layouts/application (3.1ms)
Completed 200 OK in 6204ms (Views: 6192.2ms)


Started GET "/assets/application.self-d1a537bb005fbc1bd8ed60f43fc72912e88ece0bdd3121e9452742d4a02fb548.css?body=1" for ::1 at 2018-04-30 16:32:45 +0300


Started GET "/" for ::1 at 2018-04-30 16:34:13 +0300
Processing by HomeController#index as HTML
  Rendered home/index.html.erb within layouts/application (0.0ms)
Completed 200 OK in 64ms (Views: 63.1ms)


Started GET "/" for ::1 at 2018-04-30 16:35:11 +0300
Processing by HomeController#index as HTML
  Rendered home/index.html.erb within layouts/application (0.1ms)
Completed 200 OK in 59ms (Views: 58.8ms)


Started GET "/" for ::1 at 2018-04-30 16:40:39 +0300
Processing by HomeController#index as HTML
  Rendered home/index.html.erb within layouts/application (0.1ms)
Completed 200 OK in 61ms (Views: 60.7ms)


Started GET "/" for ::1 at 2018-04-30 16:43:42 +0300
Processing by HomeController#index as HTML
  Rendered home/index.html.erb within layouts/application (0.0ms)
Completed 200 OK in 53ms (Views: 53.0ms)


Started GET "/" for ::1 at 2018-04-30 16:43:44 +0300
Processing by HomeController#index as HTML
  Rendered home/index.html.erb within layouts/application (0.0ms)
Completed 200 OK in 51ms (Views: 50.8ms)


Started GET "/" for ::1 at 2018-04-30 16:43:46 +0300
Processing by HomeController#index as HTML
  Rendered home/index.html.erb within layouts/application (0.0ms)
Completed 200 OK in 64ms (Views: 63.1ms)


Started GET "/" for ::1 at 2018-04-30 16:44:07 +0300
Processing by HomeController#index as HTML
  Rendered home/index.html.erb within layouts/application (0.0ms)
Completed 200 OK in 67ms (Views: 66.1ms)


Started GET "/" for ::1 at 2018-04-30 16:44:28 +0300
Processing by HomeController#index as HTML
  Rendered home/index.html.erb within layouts/application (0.0ms)
Completed 200 OK in 70ms (Views: 68.9ms)


Started GET "/" for ::1 at 2018-04-30 16:44:46 +0300
Processing by HomeController#index as HTML
  Rendered home/index.html.erb within layouts/application (0.0ms)
Completed 200 OK in 66ms (Views: 65.8ms)


Started GET "/" for ::1 at 2018-04-30 16:44:48 +0300
Processing by HomeController#index as HTML
  Rendered home/index.html.erb within layouts/application (0.1ms)
Completed 200 OK in 65ms (Views: 64.5ms)


Started GET "/" for ::1 at 2018-04-30 16:44:49 +0300
Processing by HomeController#index as HTML
  Rendered home/index.html.erb within layouts/application (0.0ms)
Completed 200 OK in 64ms (Views: 63.4ms)


Started GET "/" for ::1 at 2018-04-30 16:44:57 +0300
Processing by HomeController#index as HTML
  Rendered home/index.html.erb within layouts/application (0.0ms)
Completed 200 OK in 64ms (Views: 63.7ms)


Started GET "/" for ::1 at 2018-04-30 16:46:33 +0300
Processing by HomeController#index as HTML
  Rendered home/index.html.erb within layouts/application (0.1ms)
Completed 200 OK in 66ms (Views: 65.4ms)


Started GET "/" for ::1 at 2018-04-30 16:46:36 +0300
Processing by HomeController#index as HTML
  Rendered home/index.html.erb within layouts/application (0.0ms)
Completed 200 OK in 138ms (Views: 137.2ms)


Started GET "/" for ::1 at 2018-04-30 16:47:25 +0300
Processing by HomeController#index as HTML
  Rendered home/index.html.erb within layouts/application (0.0ms)
Completed 200 OK in 75ms (Views: 74.3ms)


Started GET "/" for ::1 at 2018-04-30 16:50:20 +0300
Processing by HomeController#index as HTML
  Rendered home/index.html.erb within layouts/application (0.0ms)
Completed 200 OK in 75ms (Views: 74.4ms)


Started GET "/" for ::1 at 2018-04-30 16:51:52 +0300
Processing by HomeController#index as HTML
  Rendered home/index.html.erb within layouts/application (0.0ms)
Completed 200 OK in 65ms (Views: 64.3ms)


Started GET "/" for ::1 at 2018-04-30 16:55:20 +0300
Processing by HomeController#index as HTML
  Rendered home/index.html.erb within layouts/application (0.0ms)
Completed 200 OK in 59ms (Views: 58.3ms)


Started GET "/" for ::1 at 2018-04-30 16:55:39 +0300
Processing by HomeController#index as HTML
  Rendered home/index.html.erb within layouts/application (0.0ms)
Completed 200 OK in 63ms (Views: 62.8ms)


Started GET "/" for ::1 at 2018-04-30 16:55:52 +0300
Processing by HomeController#index as HTML
  Rendered home/index.html.erb within layouts/application (0.0ms)
Completed 200 OK in 54ms (Views: 53.6ms)


Started GET "/" for ::1 at 2018-04-30 16:56:07 +0300
Processing by HomeController#index as HTML
  Rendered home/index.html.erb within layouts/application (0.1ms)
Completed 200 OK in 57ms (Views: 57.0ms)


Started GET "/" for ::1 at 2018-04-30 16:56:37 +0300
Processing by HomeController#index as HTML
  Rendered home/index.html.erb within layouts/application (0.1ms)
Completed 200 OK in 51ms (Views: 50.4ms)
